<?xml version="1.0" encoding="UTF-8"?>
<testng-results ignored="0" total="1" passed="1" failed="0" skipped="0">
  <reporter-output>
  </reporter-output>
  <suite started-at="2022-12-23T08:50:47 IST" name="Default suite" finished-at="2022-12-23T08:51:28 IST" duration-ms="41574">
    <groups>
    </groups>
    <test started-at="2022-12-23T08:50:47 IST" name="Default test" finished-at="2022-12-23T08:51:28 IST" duration-ms="41574">
      <class name="testCases.RealPOMCustomer">
        <test-method signature="addNewCustomer()[pri:0, instance:testCases.RealPOMCustomer@4b6579e8]" started-at="2022-12-23T08:50:47 IST" name="addNewCustomer" finished-at="2022-12-23T08:51:28 IST" duration-ms="41455" status="PASS">
          <reporter-output>
          </reporter-output>
        </test-method> <!-- addNewCustomer -->
      </class> <!-- testCases.RealPOMCustomer -->
    </test> <!-- Default test -->
  </suite> <!-- Default suite -->
</testng-results>
