<?xml version="1.0" encoding="UTF-8"?>
<!-- Generated by org.testng.reporters.JUnitXMLReporter -->
<testsuite ignored="0" hostname="DESKTOP-R1L0ULN" failures="0" tests="3" name="Login test case" time="85.067" errors="0" timestamp="2023-01-03T13:30:42 IST">
  <testcase classname="testCases.LoginTestCase2" name="login" time="11.721"/>
  <testcase classname="testCases.RealPOMCustomer" name="addNewCustomer" time="36.973"/>
  <testcase classname="testCases.Delete_Project" name="addNewCustomer" time="36.295"/>
</testsuite> <!-- Login test case -->
